{
  "RSpec": {
    "coverage": {
      "/Users/steddy/Dev/Turing/Mod_4/Intermission_work/tea_sub/config/environment.rb": {
        "lines": [
          null,
          1,
          null,
          null,
          1
        ]
      },
      "/Users/steddy/Dev/Turing/Mod_4/Intermission_work/tea_sub/config/application.rb": {
        "lines": [
          1,
          null,
          1,
          null,
          1,
          1,
          1,
          1,
          1,
          1,
          1,
          1,
          1,
          1,
          null,
          null,
          null,
          null,
          1,
          null,
          1,
          1,
          null,
          1,
          null,
          null,
          null,
          null,
          1,
          null,
          null,
          null,
          null,
          null,
          null,
          null,
          null,
          null,
          null,
          null,
          null,
          1,
          null,
          null
        ]
      },
      "/Users/steddy/Dev/Turing/Mod_4/Intermission_work/tea_sub/config/boot.rb": {
        "lines": [
          1,
          null,
          1,
          1
        ]
      },
      "/Users/steddy/Dev/Turing/Mod_4/Intermission_work/tea_sub/config/environments/test.rb": {
        "lines": [
          1,
          null,
          null,
          null,
          null,
          null,
          null,
          1,
          null,
          null,
          null,
          1,
          null,
          null,
          null,
          null,
          null,
          1,
          null,
          null,
          1,
          1,
          null,
          null,
          null,
          null,
          1,
          1,
          1,
          null,
          null,
          1,
          null,
          null,
          1,
          null,
          null,
          1,
          null,
          1,
          null,
          null,
          null,
          null,
          1,
          null,
          null,
          1,
          null,
          null,
          1,
          null,
          null,
          1,
          null,
          null,
          null,
          null,
          null,
          null,
          null,
          null,
          1,
          null
        ]
      },
      "/Users/steddy/Dev/Turing/Mod_4/Intermission_work/tea_sub/config/initializers/cors.rb": {
        "lines": [
          null,
          null,
          null,
          null,
          null,
          null,
          null,
          null,
          null,
          null,
          null,
          null,
          null,
          null,
          null,
          null
        ]
      },
      "/Users/steddy/Dev/Turing/Mod_4/Intermission_work/tea_sub/config/initializers/filter_parameter_logging.rb": {
        "lines": [
          null,
          null,
          null,
          null,
          null,
          1,
          null,
          null
        ]
      },
      "/Users/steddy/Dev/Turing/Mod_4/Intermission_work/tea_sub/config/initializers/inflections.rb": {
        "lines": [
          null,
          null,
          null,
          null,
          null,
          null,
          null,
          null,
          null,
          null,
          null,
          null,
          null,
          null,
          null,
          null
        ]
      },
      "/Users/steddy/Dev/Turing/Mod_4/Intermission_work/tea_sub/spec/factories/customers.rb": {
        "lines": [
          1,
          1,
          6,
          6,
          6,
          6,
          null,
          null
        ]
      },
      "/Users/steddy/Dev/Turing/Mod_4/Intermission_work/tea_sub/spec/factories/subscriptions.rb": {
        "lines": [
          1,
          1,
          26,
          26,
          26,
          26,
          1,
          1,
          null,
          null
        ]
      },
      "/Users/steddy/Dev/Turing/Mod_4/Intermission_work/tea_sub/spec/factories/teas.rb": {
        "lines": [
          1,
          1,
          6,
          6,
          6,
          6,
          null,
          null
        ]
      },
      "/Users/steddy/Dev/Turing/Mod_4/Intermission_work/tea_sub/config/routes.rb": {
        "lines": [
          1,
          null,
          null,
          null,
          null,
          1,
          null,
          1,
          1,
          1,
          1,
          null,
          null,
          null,
          null,
          null,
          null
        ]
      },
      "/Users/steddy/Dev/Turing/Mod_4/Intermission_work/tea_sub/app/models/customer.rb": {
        "lines": [
          1,
          1,
          1,
          null
        ]
      },
      "/Users/steddy/Dev/Turing/Mod_4/Intermission_work/tea_sub/app/models/application_record.rb": {
        "lines": [
          1,
          1,
          null
        ]
      },
      "/Users/steddy/Dev/Turing/Mod_4/Intermission_work/tea_sub/app/models/tea.rb": {
        "lines": [
          1,
          1,
          1,
          null
        ]
      },
      "/Users/steddy/Dev/Turing/Mod_4/Intermission_work/tea_sub/app/models/subscription.rb": {
        "lines": [
          1,
          1,
          1,
          1,
          null,
          1,
          null
        ]
      },
      "/Users/steddy/Dev/Turing/Mod_4/Intermission_work/tea_sub/app/controllers/api/v0/subscriptions_controller.rb": {
        "lines": [
          1,
          1,
          1,
          null,
          1,
          1,
          1,
          null,
          null,
          1,
          null,
          3,
          null,
          1,
          1,
          1,
          1,
          null,
          0,
          null,
          null,
          2,
          null,
          null,
          null,
          1,
          1,
          1,
          null,
          0,
          null,
          null,
          null,
          1,
          null,
          1,
          5,
          null,
          null,
          1,
          1,
          null,
          null,
          1,
          4,
          null,
          null
        ]
      },
      "/Users/steddy/Dev/Turing/Mod_4/Intermission_work/tea_sub/app/controllers/application_controller.rb": {
        "lines": [
          1,
          null
        ]
      },
      "/Users/steddy/Dev/Turing/Mod_4/Intermission_work/tea_sub/app/serializers/subscription_serializer.rb": {
        "lines": [
          1,
          1,
          1,
          1,
          1,
          null
        ]
      },
      "/Users/steddy/Dev/Turing/Mod_4/Intermission_work/tea_sub/app/serializers/tea_serializer.rb": {
        "lines": [
          1,
          1,
          1,
          null
        ]
      },
      "/Users/steddy/Dev/Turing/Mod_4/Intermission_work/tea_sub/app/serializers/customer_serializer.rb": {
        "lines": [
          1,
          1,
          1,
          1,
          null
        ]
      }
    },
    "timestamp": 1719438721
  }
}
